[2024-08-22 03:19:39] local.ERROR: PDOException: SQLSTATE[42S01]: Base table or view already exists: 1050 Table 'sessions' already exists in C:\Users\Kristine Joy\OneDrive\Documents\GitHub\nix\myoctober\vendor\laravel\framework\src\Illuminate\Database\Connection.php:545
Stack trace:
#0 C:\Users\Kristine Joy\OneDrive\Documents\GitHub\nix\myoctober\vendor\laravel\framework\src\Illuminate\Database\Connection.php(545): PDOStatement->execute()
#1 C:\Users\Kristine Joy\OneDrive\Documents\GitHub\nix\myoctober\vendor\laravel\framework\src\Illuminate\Database\Connection.php(753): Illuminate\Database\Connection->Illuminate\Database\{closure}('create table `s...', Array)
#2 C:\Users\Kristine Joy\OneDrive\Documents\GitHub\nix\myoctober\vendor\laravel\framework\src\Illuminate\Database\Connection.php(720): Illuminate\Database\Connection->runQueryCallback('create table `s...', Array, Object(Closure))
#3 C:\Users\Kristine Joy\OneDrive\Documents\GitHub\nix\myoctober\vendor\laravel\framework\src\Illuminate\Database\Connection.php(534): Illuminate\Database\Connection->run('create table `s...', Array, Object(Closure))
#4 C:\Users\Kristine Joy\OneDrive\Documents\GitHub\nix\myoctober\vendor\laravel\framework\src\Illuminate\Database\Schema\Blueprint.php(109): Illuminate\Database\Connection->statement('create table `s...')
#5 C:\Users\Kristine Joy\OneDrive\Documents\GitHub\nix\myoctober\vendor\laravel\framework\src\Illuminate\Database\Schema\Builder.php(439): Illuminate\Database\Schema\Blueprint->build(Object(October\Rain\Database\Connections\MySqlConnection), Object(Illuminate\Database\Schema\Grammars\MySqlGrammar))
#6 C:\Users\Kristine Joy\OneDrive\Documents\GitHub\nix\myoctober\vendor\laravel\framework\src\Illuminate\Database\Schema\Builder.php(281): Illuminate\Database\Schema\Builder->build(Object(October\Rain\Database\Schema\Blueprint))
#7 C:\Users\Kristine Joy\OneDrive\Documents\GitHub\nix\myoctober\vendor\laravel\framework\src\Illuminate\Support\Facades\Facade.php(338): Illuminate\Database\Schema\Builder->create('sessions', Object(Closure))
#8 C:\Users\Kristine Joy\OneDrive\Documents\GitHub\nix\myoctober\modules\system\database\migrations\2014_10_01_000013_Db_System_Sessions.php(15): Illuminate\Support\Facades\Facade::__callStatic('create', Array)
#9 C:\Users\Kristine Joy\OneDrive\Documents\GitHub\nix\myoctober\vendor\laravel\framework\src\Illuminate\Database\Migrations\Migrator.php(488): October\Rain\Database\Updates\Migration@anonymous->up()
#10 C:\Users\Kristine Joy\OneDrive\Documents\GitHub\nix\myoctober\vendor\laravel\framework\src\Illuminate\Database\Migrations\Migrator.php(406): Illuminate\Database\Migrations\Migrator->runMethod(Object(October\Rain\Database\Connections\MySqlConnection), Object(October\Rain\Database\Updates\Migration@anonymous), 'up')
#11 C:\Users\Kristine Joy\OneDrive\Documents\GitHub\nix\myoctober\vendor\laravel\framework\src\Illuminate\Database\Migrations\Migrator.php(415): Illuminate\Database\Migrations\Migrator->Illuminate\Database\Migrations\{closure}()
#12 C:\Users\Kristine Joy\OneDrive\Documents\GitHub\nix\myoctober\vendor\laravel\framework\src\Illuminate\Database\Migrations\Migrator.php(216): Illuminate\Database\Migrations\Migrator->runMigration(Object(October\Rain\Database\Updates\Migration@anonymous), 'up')
#13 C:\Users\Kristine Joy\OneDrive\Documents\GitHub\nix\myoctober\vendor\laravel\framework\src\Illuminate\Console\View\Components\Task.php(37): Illuminate\Database\Migrations\Migrator->Illuminate\Database\Migrations\{closure}()
#14 C:\Users\Kristine Joy\OneDrive\Documents\GitHub\nix\myoctober\vendor\laravel\framework\src\Illuminate\Database\Migrations\Migrator.php(751): Illuminate\Console\View\Components\Task->render('2014_10_01_0000...', Object(Closure))
#15 C:\Users\Kristine Joy\OneDrive\Documents\GitHub\nix\myoctober\vendor\laravel\framework\src\Illuminate\Database\Migrations\Migrator.php(216): Illuminate\Database\Migrations\Migrator->write('Illuminate\\Cons...', '2014_10_01_0000...', Object(Closure))
#16 C:\Users\Kristine Joy\OneDrive\Documents\GitHub\nix\myoctober\vendor\laravel\framework\src\Illuminate\Database\Migrations\Migrator.php(181): Illuminate\Database\Migrations\Migrator->runUp('C:\\Users\\Kristi...', 2, false)
#17 C:\Users\Kristine Joy\OneDrive\Documents\GitHub\nix\myoctober\vendor\laravel\framework\src\Illuminate\Database\Migrations\Migrator.php(124): Illuminate\Database\Migrations\Migrator->runPending(Array, Array)
#18 C:\Users\Kristine Joy\OneDrive\Documents\GitHub\nix\myoctober\modules\system\classes\updatemanager\ManagesModules.php(48): Illuminate\Database\Migrations\Migrator->run('C:\\Users\\Kristi...')
#19 C:\Users\Kristine Joy\OneDrive\Documents\GitHub\nix\myoctober\modules\system\classes\updatemanager\ManagesModules.php(28): System\Classes\UpdateManager->migrateModule('System')
#20 C:\Users\Kristine Joy\OneDrive\Documents\GitHub\nix\myoctober\modules\system\classes\UpdateManager.php(100): System\Classes\UpdateManager->migrateModules()
#21 C:\Users\Kristine Joy\OneDrive\Documents\GitHub\nix\myoctober\modules\system\console\OctoberMigrate.php(47): System\Classes\UpdateManager->update()
#22 C:\Users\Kristine Joy\OneDrive\Documents\GitHub\nix\myoctober\vendor\laravel\framework\src\Illuminate\Container\BoundMethod.php(36): System\Console\OctoberMigrate->handle()
#23 C:\Users\Kristine Joy\OneDrive\Documents\GitHub\nix\myoctober\vendor\laravel\framework\src\Illuminate\Container\Util.php(41): Illuminate\Container\BoundMethod::Illuminate\Container\{closure}()
#24 C:\Users\Kristine Joy\OneDrive\Documents\GitHub\nix\myoctober\vendor\laravel\framework\src\Illuminate\Container\BoundMethod.php(93): Illuminate\Container\Util::unwrapIfClosure(Object(Closure))
#25 C:\Users\Kristine Joy\OneDrive\Documents\GitHub\nix\myoctober\vendor\laravel\framework\src\Illuminate\Container\BoundMethod.php(35): Illuminate\Container\BoundMethod::callBoundMethod(Object(October\Rain\Foundation\Application), Array, Object(Closure))
#26 C:\Users\Kristine Joy\OneDrive\Documents\GitHub\nix\myoctober\vendor\laravel\framework\src\Illuminate\Container\Container.php(661): Illuminate\Container\BoundMethod::call(Object(October\Rain\Foundation\Application), Array, Array, NULL)
#27 C:\Users\Kristine Joy\OneDrive\Documents\GitHub\nix\myoctober\vendor\laravel\framework\src\Illuminate\Console\Command.php(183): Illuminate\Container\Container->call(Array)
#28 C:\Users\Kristine Joy\OneDrive\Documents\GitHub\nix\myoctober\vendor\symfony\console\Command\Command.php(326): Illuminate\Console\Command->execute(Object(Symfony\Component\Console\Input\ArgvInput), Object(Illuminate\Console\OutputStyle))
#29 C:\Users\Kristine Joy\OneDrive\Documents\GitHub\nix\myoctober\vendor\laravel\framework\src\Illuminate\Console\Command.php(152): Symfony\Component\Console\Command\Command->run(Object(Symfony\Component\Console\Input\ArgvInput), Object(Illuminate\Console\OutputStyle))
#30 C:\Users\Kristine Joy\OneDrive\Documents\GitHub\nix\myoctober\vendor\symfony\console\Application.php(1078): Illuminate\Console\Command->run(Object(Symfony\Component\Console\Input\ArgvInput), Object(Symfony\Component\Console\Output\ConsoleOutput))
#31 C:\Users\Kristine Joy\OneDrive\Documents\GitHub\nix\myoctober\vendor\symfony\console\Application.php(324): Symfony\Component\Console\Application->doRunCommand(Object(System\Console\OctoberMigrate), Object(Symfony\Component\Console\Input\ArgvInput), Object(Symfony\Component\Console\Output\ConsoleOutput))
#32 C:\Users\Kristine Joy\OneDrive\Documents\GitHub\nix\myoctober\vendor\symfony\console\Application.php(175): Symfony\Component\Console\Application->doRun(Object(Symfony\Component\Console\Input\ArgvInput), Object(Symfony\Component\Console\Output\ConsoleOutput))
#33 C:\Users\Kristine Joy\OneDrive\Documents\GitHub\nix\myoctober\vendor\laravel\framework\src\Illuminate\Console\Application.php(102): Symfony\Component\Console\Application->run(Object(Symfony\Component\Console\Input\ArgvInput), Object(Symfony\Component\Console\Output\ConsoleOutput))
#34 C:\Users\Kristine Joy\OneDrive\Documents\GitHub\nix\myoctober\vendor\laravel\framework\src\Illuminate\Foundation\Console\Kernel.php(155): Illuminate\Console\Application->run(Object(Symfony\Component\Console\Input\ArgvInput), Object(Symfony\Component\Console\Output\ConsoleOutput))
#35 C:\Users\Kristine Joy\OneDrive\Documents\GitHub\nix\myoctober\artisan(33): Illuminate\Foundation\Console\Kernel->handle(Object(Symfony\Component\Console\Input\ArgvInput), Object(Symfony\Component\Console\Output\ConsoleOutput))
#36 {main}

Next Illuminate\Database\QueryException: SQLSTATE[42S01]: Base table or view already exists: 1050 Table 'sessions' already exists (SQL: create table `sessions` (`id` varchar(255) not null, `payload` text null, `last_activity` int null, `user_id` int unsigned null, `ip_address` varchar(45) null, `user_agent` text null) default character set utf8mb4 collate 'utf8mb4_unicode_ci' engine = InnoDB) in C:\Users\Kristine Joy\OneDrive\Documents\GitHub\nix\myoctober\vendor\laravel\framework\src\Illuminate\Database\Connection.php:760
Stack trace:
#0 C:\Users\Kristine Joy\OneDrive\Documents\GitHub\nix\myoctober\vendor\laravel\framework\src\Illuminate\Database\Connection.php(720): Illuminate\Database\Connection->runQueryCallback('create table `s...', Array, Object(Closure))
#1 C:\Users\Kristine Joy\OneDrive\Documents\GitHub\nix\myoctober\vendor\laravel\framework\src\Illuminate\Database\Connection.php(534): Illuminate\Database\Connection->run('create table `s...', Array, Object(Closure))
#2 C:\Users\Kristine Joy\OneDrive\Documents\GitHub\nix\myoctober\vendor\laravel\framework\src\Illuminate\Database\Schema\Blueprint.php(109): Illuminate\Database\Connection->statement('create table `s...')
#3 C:\Users\Kristine Joy\OneDrive\Documents\GitHub\nix\myoctober\vendor\laravel\framework\src\Illuminate\Database\Schema\Builder.php(439): Illuminate\Database\Schema\Blueprint->build(Object(October\Rain\Database\Connections\MySqlConnection), Object(Illuminate\Database\Schema\Grammars\MySqlGrammar))
#4 C:\Users\Kristine Joy\OneDrive\Documents\GitHub\nix\myoctober\vendor\laravel\framework\src\Illuminate\Database\Schema\Builder.php(281): Illuminate\Database\Schema\Builder->build(Object(October\Rain\Database\Schema\Blueprint))
#5 C:\Users\Kristine Joy\OneDrive\Documents\GitHub\nix\myoctober\vendor\laravel\framework\src\Illuminate\Support\Facades\Facade.php(338): Illuminate\Database\Schema\Builder->create('sessions', Object(Closure))
#6 C:\Users\Kristine Joy\OneDrive\Documents\GitHub\nix\myoctober\modules\system\database\migrations\2014_10_01_000013_Db_System_Sessions.php(15): Illuminate\Support\Facades\Facade::__callStatic('create', Array)
#7 C:\Users\Kristine Joy\OneDrive\Documents\GitHub\nix\myoctober\vendor\laravel\framework\src\Illuminate\Database\Migrations\Migrator.php(488): October\Rain\Database\Updates\Migration@anonymous->up()
#8 C:\Users\Kristine Joy\OneDrive\Documents\GitHub\nix\myoctober\vendor\laravel\framework\src\Illuminate\Database\Migrations\Migrator.php(406): Illuminate\Database\Migrations\Migrator->runMethod(Object(October\Rain\Database\Connections\MySqlConnection), Object(October\Rain\Database\Updates\Migration@anonymous), 'up')
#9 C:\Users\Kristine Joy\OneDrive\Documents\GitHub\nix\myoctober\vendor\laravel\framework\src\Illuminate\Database\Migrations\Migrator.php(415): Illuminate\Database\Migrations\Migrator->Illuminate\Database\Migrations\{closure}()
#10 C:\Users\Kristine Joy\OneDrive\Documents\GitHub\nix\myoctober\vendor\laravel\framework\src\Illuminate\Database\Migrations\Migrator.php(216): Illuminate\Database\Migrations\Migrator->runMigration(Object(October\Rain\Database\Updates\Migration@anonymous), 'up')
#11 C:\Users\Kristine Joy\OneDrive\Documents\GitHub\nix\myoctober\vendor\laravel\framework\src\Illuminate\Console\View\Components\Task.php(37): Illuminate\Database\Migrations\Migrator->Illuminate\Database\Migrations\{closure}()
#12 C:\Users\Kristine Joy\OneDrive\Documents\GitHub\nix\myoctober\vendor\laravel\framework\src\Illuminate\Database\Migrations\Migrator.php(751): Illuminate\Console\View\Components\Task->render('2014_10_01_0000...', Object(Closure))
#13 C:\Users\Kristine Joy\OneDrive\Documents\GitHub\nix\myoctober\vendor\laravel\framework\src\Illuminate\Database\Migrations\Migrator.php(216): Illuminate\Database\Migrations\Migrator->write('Illuminate\\Cons...', '2014_10_01_0000...', Object(Closure))
#14 C:\Users\Kristine Joy\OneDrive\Documents\GitHub\nix\myoctober\vendor\laravel\framework\src\Illuminate\Database\Migrations\Migrator.php(181): Illuminate\Database\Migrations\Migrator->runUp('C:\\Users\\Kristi...', 2, false)
#15 C:\Users\Kristine Joy\OneDrive\Documents\GitHub\nix\myoctober\vendor\laravel\framework\src\Illuminate\Database\Migrations\Migrator.php(124): Illuminate\Database\Migrations\Migrator->runPending(Array, Array)
#16 C:\Users\Kristine Joy\OneDrive\Documents\GitHub\nix\myoctober\modules\system\classes\updatemanager\ManagesModules.php(48): Illuminate\Database\Migrations\Migrator->run('C:\\Users\\Kristi...')
#17 C:\Users\Kristine Joy\OneDrive\Documents\GitHub\nix\myoctober\modules\system\classes\updatemanager\ManagesModules.php(28): System\Classes\UpdateManager->migrateModule('System')
#18 C:\Users\Kristine Joy\OneDrive\Documents\GitHub\nix\myoctober\modules\system\classes\UpdateManager.php(100): System\Classes\UpdateManager->migrateModules()
#19 C:\Users\Kristine Joy\OneDrive\Documents\GitHub\nix\myoctober\modules\system\console\OctoberMigrate.php(47): System\Classes\UpdateManager->update()
#20 C:\Users\Kristine Joy\OneDrive\Documents\GitHub\nix\myoctober\vendor\laravel\framework\src\Illuminate\Container\BoundMethod.php(36): System\Console\OctoberMigrate->handle()
#21 C:\Users\Kristine Joy\OneDrive\Documents\GitHub\nix\myoctober\vendor\laravel\framework\src\Illuminate\Container\Util.php(41): Illuminate\Container\BoundMethod::Illuminate\Container\{closure}()
#22 C:\Users\Kristine Joy\OneDrive\Documents\GitHub\nix\myoctober\vendor\laravel\framework\src\Illuminate\Container\BoundMethod.php(93): Illuminate\Container\Util::unwrapIfClosure(Object(Closure))
#23 C:\Users\Kristine Joy\OneDrive\Documents\GitHub\nix\myoctober\vendor\laravel\framework\src\Illuminate\Container\BoundMethod.php(35): Illuminate\Container\BoundMethod::callBoundMethod(Object(October\Rain\Foundation\Application), Array, Object(Closure))
#24 C:\Users\Kristine Joy\OneDrive\Documents\GitHub\nix\myoctober\vendor\laravel\framework\src\Illuminate\Container\Container.php(661): Illuminate\Container\BoundMethod::call(Object(October\Rain\Foundation\Application), Array, Array, NULL)
#25 C:\Users\Kristine Joy\OneDrive\Documents\GitHub\nix\myoctober\vendor\laravel\framework\src\Illuminate\Console\Command.php(183): Illuminate\Container\Container->call(Array)
#26 C:\Users\Kristine Joy\OneDrive\Documents\GitHub\nix\myoctober\vendor\symfony\console\Command\Command.php(326): Illuminate\Console\Command->execute(Object(Symfony\Component\Console\Input\ArgvInput), Object(Illuminate\Console\OutputStyle))
#27 C:\Users\Kristine Joy\OneDrive\Documents\GitHub\nix\myoctober\vendor\laravel\framework\src\Illuminate\Console\Command.php(152): Symfony\Component\Console\Command\Command->run(Object(Symfony\Component\Console\Input\ArgvInput), Object(Illuminate\Console\OutputStyle))
#28 C:\Users\Kristine Joy\OneDrive\Documents\GitHub\nix\myoctober\vendor\symfony\console\Application.php(1078): Illuminate\Console\Command->run(Object(Symfony\Component\Console\Input\ArgvInput), Object(Symfony\Component\Console\Output\ConsoleOutput))
#29 C:\Users\Kristine Joy\OneDrive\Documents\GitHub\nix\myoctober\vendor\symfony\console\Application.php(324): Symfony\Component\Console\Application->doRunCommand(Object(System\Console\OctoberMigrate), Object(Symfony\Component\Console\Input\ArgvInput), Object(Symfony\Component\Console\Output\ConsoleOutput))
#30 C:\Users\Kristine Joy\OneDrive\Documents\GitHub\nix\myoctober\vendor\symfony\console\Application.php(175): Symfony\Component\Console\Application->doRun(Object(Symfony\Component\Console\Input\ArgvInput), Object(Symfony\Component\Console\Output\ConsoleOutput))
#31 C:\Users\Kristine Joy\OneDrive\Documents\GitHub\nix\myoctober\vendor\laravel\framework\src\Illuminate\Console\Application.php(102): Symfony\Component\Console\Application->run(Object(Symfony\Component\Console\Input\ArgvInput), Object(Symfony\Component\Console\Output\ConsoleOutput))
#32 C:\Users\Kristine Joy\OneDrive\Documents\GitHub\nix\myoctober\vendor\laravel\framework\src\Illuminate\Foundation\Console\Kernel.php(155): Illuminate\Console\Application->run(Object(Symfony\Component\Console\Input\ArgvInput), Object(Symfony\Component\Console\Output\ConsoleOutput))
#33 C:\Users\Kristine Joy\OneDrive\Documents\GitHub\nix\myoctober\artisan(33): Illuminate\Foundation\Console\Kernel->handle(Object(Symfony\Component\Console\Input\ArgvInput), Object(Symfony\Component\Console\Output\ConsoleOutput))
#34 {main}  
[2024-08-22 03:21:31] local.ERROR: PDOException: SQLSTATE[42S01]: Base table or view already exists: 1050 Table 'sessions' already exists in C:\Users\Kristine Joy\OneDrive\Documents\GitHub\nix\myoctober\vendor\laravel\framework\src\Illuminate\Database\Connection.php:545
Stack trace:
#0 C:\Users\Kristine Joy\OneDrive\Documents\GitHub\nix\myoctober\vendor\laravel\framework\src\Illuminate\Database\Connection.php(545): PDOStatement->execute()
#1 C:\Users\Kristine Joy\OneDrive\Documents\GitHub\nix\myoctober\vendor\laravel\framework\src\Illuminate\Database\Connection.php(753): Illuminate\Database\Connection->Illuminate\Database\{closure}('create table `s...', Array)
#2 C:\Users\Kristine Joy\OneDrive\Documents\GitHub\nix\myoctober\vendor\laravel\framework\src\Illuminate\Database\Connection.php(720): Illuminate\Database\Connection->runQueryCallback('create table `s...', Array, Object(Closure))
#3 C:\Users\Kristine Joy\OneDrive\Documents\GitHub\nix\myoctober\vendor\laravel\framework\src\Illuminate\Database\Connection.php(534): Illuminate\Database\Connection->run('create table `s...', Array, Object(Closure))
#4 C:\Users\Kristine Joy\OneDrive\Documents\GitHub\nix\myoctober\vendor\laravel\framework\src\Illuminate\Database\Schema\Blueprint.php(109): Illuminate\Database\Connection->statement('create table `s...')
#5 C:\Users\Kristine Joy\OneDrive\Documents\GitHub\nix\myoctober\vendor\laravel\framework\src\Illuminate\Database\Schema\Builder.php(439): Illuminate\Database\Schema\Blueprint->build(Object(October\Rain\Database\Connections\MySqlConnection), Object(Illuminate\Database\Schema\Grammars\MySqlGrammar))
#6 C:\Users\Kristine Joy\OneDrive\Documents\GitHub\nix\myoctober\vendor\laravel\framework\src\Illuminate\Database\Schema\Builder.php(281): Illuminate\Database\Schema\Builder->build(Object(October\Rain\Database\Schema\Blueprint))
#7 C:\Users\Kristine Joy\OneDrive\Documents\GitHub\nix\myoctober\vendor\laravel\framework\src\Illuminate\Support\Facades\Facade.php(338): Illuminate\Database\Schema\Builder->create('sessions', Object(Closure))
#8 C:\Users\Kristine Joy\OneDrive\Documents\GitHub\nix\myoctober\modules\system\database\migrations\2014_10_01_000013_Db_System_Sessions.php(15): Illuminate\Support\Facades\Facade::__callStatic('create', Array)
#9 C:\Users\Kristine Joy\OneDrive\Documents\GitHub\nix\myoctober\vendor\laravel\framework\src\Illuminate\Database\Migrations\Migrator.php(488): October\Rain\Database\Updates\Migration@anonymous->up()
#10 C:\Users\Kristine Joy\OneDrive\Documents\GitHub\nix\myoctober\vendor\laravel\framework\src\Illuminate\Database\Migrations\Migrator.php(406): Illuminate\Database\Migrations\Migrator->runMethod(Object(October\Rain\Database\Connections\MySqlConnection), Object(October\Rain\Database\Updates\Migration@anonymous), 'up')
#11 C:\Users\Kristine Joy\OneDrive\Documents\GitHub\nix\myoctober\vendor\laravel\framework\src\Illuminate\Database\Migrations\Migrator.php(415): Illuminate\Database\Migrations\Migrator->Illuminate\Database\Migrations\{closure}()
#12 C:\Users\Kristine Joy\OneDrive\Documents\GitHub\nix\myoctober\vendor\laravel\framework\src\Illuminate\Database\Migrations\Migrator.php(216): Illuminate\Database\Migrations\Migrator->runMigration(Object(October\Rain\Database\Updates\Migration@anonymous), 'up')
#13 C:\Users\Kristine Joy\OneDrive\Documents\GitHub\nix\myoctober\vendor\laravel\framework\src\Illuminate\Console\View\Components\Task.php(37): Illuminate\Database\Migrations\Migrator->Illuminate\Database\Migrations\{closure}()
#14 C:\Users\Kristine Joy\OneDrive\Documents\GitHub\nix\myoctober\vendor\laravel\framework\src\Illuminate\Database\Migrations\Migrator.php(751): Illuminate\Console\View\Components\Task->render('2014_10_01_0000...', Object(Closure))
#15 C:\Users\Kristine Joy\OneDrive\Documents\GitHub\nix\myoctober\vendor\laravel\framework\src\Illuminate\Database\Migrations\Migrator.php(216): Illuminate\Database\Migrations\Migrator->write('Illuminate\\Cons...', '2014_10_01_0000...', Object(Closure))
#16 C:\Users\Kristine Joy\OneDrive\Documents\GitHub\nix\myoctober\vendor\laravel\framework\src\Illuminate\Database\Migrations\Migrator.php(181): Illuminate\Database\Migrations\Migrator->runUp('C:\\Users\\Kristi...', 3, false)
#17 C:\Users\Kristine Joy\OneDrive\Documents\GitHub\nix\myoctober\vendor\laravel\framework\src\Illuminate\Database\Migrations\Migrator.php(124): Illuminate\Database\Migrations\Migrator->runPending(Array, Array)
#18 C:\Users\Kristine Joy\OneDrive\Documents\GitHub\nix\myoctober\modules\system\classes\updatemanager\ManagesModules.php(48): Illuminate\Database\Migrations\Migrator->run('C:\\Users\\Kristi...')
#19 C:\Users\Kristine Joy\OneDrive\Documents\GitHub\nix\myoctober\modules\system\classes\updatemanager\ManagesModules.php(28): System\Classes\UpdateManager->migrateModule('System')
#20 C:\Users\Kristine Joy\OneDrive\Documents\GitHub\nix\myoctober\modules\system\classes\UpdateManager.php(100): System\Classes\UpdateManager->migrateModules()
#21 C:\Users\Kristine Joy\OneDrive\Documents\GitHub\nix\myoctober\modules\system\console\OctoberMigrate.php(47): System\Classes\UpdateManager->update()
#22 C:\Users\Kristine Joy\OneDrive\Documents\GitHub\nix\myoctober\vendor\laravel\framework\src\Illuminate\Container\BoundMethod.php(36): System\Console\OctoberMigrate->handle()
#23 C:\Users\Kristine Joy\OneDrive\Documents\GitHub\nix\myoctober\vendor\laravel\framework\src\Illuminate\Container\Util.php(41): Illuminate\Container\BoundMethod::Illuminate\Container\{closure}()
#24 C:\Users\Kristine Joy\OneDrive\Documents\GitHub\nix\myoctober\vendor\laravel\framework\src\Illuminate\Container\BoundMethod.php(93): Illuminate\Container\Util::unwrapIfClosure(Object(Closure))
#25 C:\Users\Kristine Joy\OneDrive\Documents\GitHub\nix\myoctober\vendor\laravel\framework\src\Illuminate\Container\BoundMethod.php(35): Illuminate\Container\BoundMethod::callBoundMethod(Object(October\Rain\Foundation\Application), Array, Object(Closure))
#26 C:\Users\Kristine Joy\OneDrive\Documents\GitHub\nix\myoctober\vendor\laravel\framework\src\Illuminate\Container\Container.php(661): Illuminate\Container\BoundMethod::call(Object(October\Rain\Foundation\Application), Array, Array, NULL)
#27 C:\Users\Kristine Joy\OneDrive\Documents\GitHub\nix\myoctober\vendor\laravel\framework\src\Illuminate\Console\Command.php(183): Illuminate\Container\Container->call(Array)
#28 C:\Users\Kristine Joy\OneDrive\Documents\GitHub\nix\myoctober\vendor\symfony\console\Command\Command.php(326): Illuminate\Console\Command->execute(Object(Symfony\Component\Console\Input\ArgvInput), Object(Illuminate\Console\OutputStyle))
#29 C:\Users\Kristine Joy\OneDrive\Documents\GitHub\nix\myoctober\vendor\laravel\framework\src\Illuminate\Console\Command.php(152): Symfony\Component\Console\Command\Command->run(Object(Symfony\Component\Console\Input\ArgvInput), Object(Illuminate\Console\OutputStyle))
#30 C:\Users\Kristine Joy\OneDrive\Documents\GitHub\nix\myoctober\vendor\symfony\console\Application.php(1078): Illuminate\Console\Command->run(Object(Symfony\Component\Console\Input\ArgvInput), Object(Symfony\Component\Console\Output\ConsoleOutput))
#31 C:\Users\Kristine Joy\OneDrive\Documents\GitHub\nix\myoctober\vendor\symfony\console\Application.php(324): Symfony\Component\Console\Application->doRunCommand(Object(System\Console\OctoberMigrate), Object(Symfony\Component\Console\Input\ArgvInput), Object(Symfony\Component\Console\Output\ConsoleOutput))
#32 C:\Users\Kristine Joy\OneDrive\Documents\GitHub\nix\myoctober\vendor\symfony\console\Application.php(175): Symfony\Component\Console\Application->doRun(Object(Symfony\Component\Console\Input\ArgvInput), Object(Symfony\Component\Console\Output\ConsoleOutput))
#33 C:\Users\Kristine Joy\OneDrive\Documents\GitHub\nix\myoctober\vendor\laravel\framework\src\Illuminate\Console\Application.php(102): Symfony\Component\Console\Application->run(Object(Symfony\Component\Console\Input\ArgvInput), Object(Symfony\Component\Console\Output\ConsoleOutput))
#34 C:\Users\Kristine Joy\OneDrive\Documents\GitHub\nix\myoctober\vendor\laravel\framework\src\Illuminate\Foundation\Console\Kernel.php(155): Illuminate\Console\Application->run(Object(Symfony\Component\Console\Input\ArgvInput), Object(Symfony\Component\Console\Output\ConsoleOutput))
#35 C:\Users\Kristine Joy\OneDrive\Documents\GitHub\nix\myoctober\artisan(33): Illuminate\Foundation\Console\Kernel->handle(Object(Symfony\Component\Console\Input\ArgvInput), Object(Symfony\Component\Console\Output\ConsoleOutput))
#36 {main}

Next Illuminate\Database\QueryException: SQLSTATE[42S01]: Base table or view already exists: 1050 Table 'sessions' already exists (SQL: create table `sessions` (`id` varchar(255) not null, `payload` text null, `last_activity` int null, `user_id` int unsigned null, `ip_address` varchar(45) null, `user_agent` text null) default character set utf8mb4 collate 'utf8mb4_unicode_ci' engine = InnoDB) in C:\Users\Kristine Joy\OneDrive\Documents\GitHub\nix\myoctober\vendor\laravel\framework\src\Illuminate\Database\Connection.php:760
Stack trace:
#0 C:\Users\Kristine Joy\OneDrive\Documents\GitHub\nix\myoctober\vendor\laravel\framework\src\Illuminate\Database\Connection.php(720): Illuminate\Database\Connection->runQueryCallback('create table `s...', Array, Object(Closure))
#1 C:\Users\Kristine Joy\OneDrive\Documents\GitHub\nix\myoctober\vendor\laravel\framework\src\Illuminate\Database\Connection.php(534): Illuminate\Database\Connection->run('create table `s...', Array, Object(Closure))
#2 C:\Users\Kristine Joy\OneDrive\Documents\GitHub\nix\myoctober\vendor\laravel\framework\src\Illuminate\Database\Schema\Blueprint.php(109): Illuminate\Database\Connection->statement('create table `s...')
#3 C:\Users\Kristine Joy\OneDrive\Documents\GitHub\nix\myoctober\vendor\laravel\framework\src\Illuminate\Database\Schema\Builder.php(439): Illuminate\Database\Schema\Blueprint->build(Object(October\Rain\Database\Connections\MySqlConnection), Object(Illuminate\Database\Schema\Grammars\MySqlGrammar))
#4 C:\Users\Kristine Joy\OneDrive\Documents\GitHub\nix\myoctober\vendor\laravel\framework\src\Illuminate\Database\Schema\Builder.php(281): Illuminate\Database\Schema\Builder->build(Object(October\Rain\Database\Schema\Blueprint))
#5 C:\Users\Kristine Joy\OneDrive\Documents\GitHub\nix\myoctober\vendor\laravel\framework\src\Illuminate\Support\Facades\Facade.php(338): Illuminate\Database\Schema\Builder->create('sessions', Object(Closure))
#6 C:\Users\Kristine Joy\OneDrive\Documents\GitHub\nix\myoctober\modules\system\database\migrations\2014_10_01_000013_Db_System_Sessions.php(15): Illuminate\Support\Facades\Facade::__callStatic('create', Array)
#7 C:\Users\Kristine Joy\OneDrive\Documents\GitHub\nix\myoctober\vendor\laravel\framework\src\Illuminate\Database\Migrations\Migrator.php(488): October\Rain\Database\Updates\Migration@anonymous->up()
#8 C:\Users\Kristine Joy\OneDrive\Documents\GitHub\nix\myoctober\vendor\laravel\framework\src\Illuminate\Database\Migrations\Migrator.php(406): Illuminate\Database\Migrations\Migrator->runMethod(Object(October\Rain\Database\Connections\MySqlConnection), Object(October\Rain\Database\Updates\Migration@anonymous), 'up')
#9 C:\Users\Kristine Joy\OneDrive\Documents\GitHub\nix\myoctober\vendor\laravel\framework\src\Illuminate\Database\Migrations\Migrator.php(415): Illuminate\Database\Migrations\Migrator->Illuminate\Database\Migrations\{closure}()
#10 C:\Users\Kristine Joy\OneDrive\Documents\GitHub\nix\myoctober\vendor\laravel\framework\src\Illuminate\Database\Migrations\Migrator.php(216): Illuminate\Database\Migrations\Migrator->runMigration(Object(October\Rain\Database\Updates\Migration@anonymous), 'up')
#11 C:\Users\Kristine Joy\OneDrive\Documents\GitHub\nix\myoctober\vendor\laravel\framework\src\Illuminate\Console\View\Components\Task.php(37): Illuminate\Database\Migrations\Migrator->Illuminate\Database\Migrations\{closure}()
#12 C:\Users\Kristine Joy\OneDrive\Documents\GitHub\nix\myoctober\vendor\laravel\framework\src\Illuminate\Database\Migrations\Migrator.php(751): Illuminate\Console\View\Components\Task->render('2014_10_01_0000...', Object(Closure))
#13 C:\Users\Kristine Joy\OneDrive\Documents\GitHub\nix\myoctober\vendor\laravel\framework\src\Illuminate\Database\Migrations\Migrator.php(216): Illuminate\Database\Migrations\Migrator->write('Illuminate\\Cons...', '2014_10_01_0000...', Object(Closure))
#14 C:\Users\Kristine Joy\OneDrive\Documents\GitHub\nix\myoctober\vendor\laravel\framework\src\Illuminate\Database\Migrations\Migrator.php(181): Illuminate\Database\Migrations\Migrator->runUp('C:\\Users\\Kristi...', 3, false)
#15 C:\Users\Kristine Joy\OneDrive\Documents\GitHub\nix\myoctober\vendor\laravel\framework\src\Illuminate\Database\Migrations\Migrator.php(124): Illuminate\Database\Migrations\Migrator->runPending(Array, Array)
#16 C:\Users\Kristine Joy\OneDrive\Documents\GitHub\nix\myoctober\modules\system\classes\updatemanager\ManagesModules.php(48): Illuminate\Database\Migrations\Migrator->run('C:\\Users\\Kristi...')
#17 C:\Users\Kristine Joy\OneDrive\Documents\GitHub\nix\myoctober\modules\system\classes\updatemanager\ManagesModules.php(28): System\Classes\UpdateManager->migrateModule('System')
#18 C:\Users\Kristine Joy\OneDrive\Documents\GitHub\nix\myoctober\modules\system\classes\UpdateManager.php(100): System\Classes\UpdateManager->migrateModules()
#19 C:\Users\Kristine Joy\OneDrive\Documents\GitHub\nix\myoctober\modules\system\console\OctoberMigrate.php(47): System\Classes\UpdateManager->update()
#20 C:\Users\Kristine Joy\OneDrive\Documents\GitHub\nix\myoctober\vendor\laravel\framework\src\Illuminate\Container\BoundMethod.php(36): System\Console\OctoberMigrate->handle()
#21 C:\Users\Kristine Joy\OneDrive\Documents\GitHub\nix\myoctober\vendor\laravel\framework\src\Illuminate\Container\Util.php(41): Illuminate\Container\BoundMethod::Illuminate\Container\{closure}()
#22 C:\Users\Kristine Joy\OneDrive\Documents\GitHub\nix\myoctober\vendor\laravel\framework\src\Illuminate\Container\BoundMethod.php(93): Illuminate\Container\Util::unwrapIfClosure(Object(Closure))
#23 C:\Users\Kristine Joy\OneDrive\Documents\GitHub\nix\myoctober\vendor\laravel\framework\src\Illuminate\Container\BoundMethod.php(35): Illuminate\Container\BoundMethod::callBoundMethod(Object(October\Rain\Foundation\Application), Array, Object(Closure))
#24 C:\Users\Kristine Joy\OneDrive\Documents\GitHub\nix\myoctober\vendor\laravel\framework\src\Illuminate\Container\Container.php(661): Illuminate\Container\BoundMethod::call(Object(October\Rain\Foundation\Application), Array, Array, NULL)
#25 C:\Users\Kristine Joy\OneDrive\Documents\GitHub\nix\myoctober\vendor\laravel\framework\src\Illuminate\Console\Command.php(183): Illuminate\Container\Container->call(Array)
#26 C:\Users\Kristine Joy\OneDrive\Documents\GitHub\nix\myoctober\vendor\symfony\console\Command\Command.php(326): Illuminate\Console\Command->execute(Object(Symfony\Component\Console\Input\ArgvInput), Object(Illuminate\Console\OutputStyle))
#27 C:\Users\Kristine Joy\OneDrive\Documents\GitHub\nix\myoctober\vendor\laravel\framework\src\Illuminate\Console\Command.php(152): Symfony\Component\Console\Command\Command->run(Object(Symfony\Component\Console\Input\ArgvInput), Object(Illuminate\Console\OutputStyle))
#28 C:\Users\Kristine Joy\OneDrive\Documents\GitHub\nix\myoctober\vendor\symfony\console\Application.php(1078): Illuminate\Console\Command->run(Object(Symfony\Component\Console\Input\ArgvInput), Object(Symfony\Component\Console\Output\ConsoleOutput))
#29 C:\Users\Kristine Joy\OneDrive\Documents\GitHub\nix\myoctober\vendor\symfony\console\Application.php(324): Symfony\Component\Console\Application->doRunCommand(Object(System\Console\OctoberMigrate), Object(Symfony\Component\Console\Input\ArgvInput), Object(Symfony\Component\Console\Output\ConsoleOutput))
#30 C:\Users\Kristine Joy\OneDrive\Documents\GitHub\nix\myoctober\vendor\symfony\console\Application.php(175): Symfony\Component\Console\Application->doRun(Object(Symfony\Component\Console\Input\ArgvInput), Object(Symfony\Component\Console\Output\ConsoleOutput))
#31 C:\Users\Kristine Joy\OneDrive\Documents\GitHub\nix\myoctober\vendor\laravel\framework\src\Illuminate\Console\Application.php(102): Symfony\Component\Console\Application->run(Object(Symfony\Component\Console\Input\ArgvInput), Object(Symfony\Component\Console\Output\ConsoleOutput))
#32 C:\Users\Kristine Joy\OneDrive\Documents\GitHub\nix\myoctober\vendor\laravel\framework\src\Illuminate\Foundation\Console\Kernel.php(155): Illuminate\Console\Application->run(Object(Symfony\Component\Console\Input\ArgvInput), Object(Symfony\Component\Console\Output\ConsoleOutput))
#33 C:\Users\Kristine Joy\OneDrive\Documents\GitHub\nix\myoctober\artisan(33): Illuminate\Foundation\Console\Kernel->handle(Object(Symfony\Component\Console\Input\ArgvInput), Object(Symfony\Component\Console\Output\ConsoleOutput))
#34 {main}  
